2024-04-04 15:28:13,172 [DEBUG] view.drag_n_drop: Window attributes are set., creating frames for UI.
2024-04-04 15:28:13,173 [DEBUG] view.drag_n_drop: Creating widgets for SL UI.
2024-04-04 15:28:13,198 [DEBUG] view.drag_n_drop: Created frames for UI, setting labels
2024-04-04 15:28:13,261 [DEBUG] view.drag_n_drop: Created labels for UI, creating button.
2024-04-04 15:28:13,264 [DEBUG] view.drag_n_drop: Created button for UI, creating drag-n-drop Text box.
2024-04-04 15:28:13,294 [DEBUG] PIL.Image: Importing BlpImagePlugin
2024-04-04 15:28:13,306 [DEBUG] PIL.Image: Importing BmpImagePlugin
2024-04-04 15:28:13,307 [DEBUG] PIL.Image: Importing BufrStubImagePlugin
2024-04-04 15:28:13,314 [DEBUG] PIL.Image: Importing CurImagePlugin
2024-04-04 15:28:13,400 [DEBUG] PIL.Image: Importing DcxImagePlugin
2024-04-04 15:28:13,623 [DEBUG] view.drag_n_drop: Created and activated drag-n-drop for Text box.
2024-04-04 15:28:14,150 [DEBUG] PIL.Image: Importing DdsImagePlugin
2024-04-04 15:28:14,469 [DEBUG] PIL.Image: Importing EpsImagePlugin
2024-04-04 15:28:14,480 [DEBUG] PIL.Image: Importing FitsImagePlugin
2024-04-04 15:28:14,485 [DEBUG] PIL.Image: Importing FliImagePlugin
2024-04-04 15:28:14,491 [DEBUG] PIL.Image: Importing FpxImagePlugin
2024-04-04 15:28:14,497 [DEBUG] PIL.Image: Image: failed to import FpxImagePlugin: No module named 'olefile'
2024-04-04 15:28:14,497 [DEBUG] PIL.Image: Importing FtexImagePlugin
2024-04-04 15:28:14,501 [DEBUG] PIL.Image: Importing GbrImagePlugin
2024-04-04 15:28:14,505 [DEBUG] PIL.Image: Importing GifImagePlugin
2024-04-04 15:28:14,505 [DEBUG] PIL.Image: Importing GribStubImagePlugin
2024-04-04 15:28:14,509 [DEBUG] PIL.Image: Importing Hdf5StubImagePlugin
2024-04-04 15:28:14,587 [DEBUG] PIL.Image: Importing IcnsImagePlugin
2024-04-04 15:28:14,659 [DEBUG] PIL.Image: Importing IcoImagePlugin
2024-04-04 15:28:14,671 [DEBUG] PIL.Image: Importing ImImagePlugin
2024-04-04 15:28:14,685 [DEBUG] PIL.Image: Importing ImtImagePlugin
2024-04-04 15:28:14,698 [DEBUG] PIL.Image: Importing IptcImagePlugin
2024-04-04 15:28:14,707 [DEBUG] PIL.Image: Importing JpegImagePlugin
2024-04-04 15:28:14,708 [DEBUG] PIL.Image: Importing Jpeg2KImagePlugin
2024-04-04 15:28:14,708 [DEBUG] PIL.Image: Importing McIdasImagePlugin
2024-04-04 15:28:14,721 [DEBUG] PIL.Image: Importing MicImagePlugin
2024-04-04 15:28:14,754 [DEBUG] PIL.Image: Image: failed to import MicImagePlugin: No module named 'olefile'
2024-04-04 15:28:14,754 [DEBUG] PIL.Image: Importing MpegImagePlugin
2024-04-04 15:28:14,765 [DEBUG] PIL.Image: Importing MpoImagePlugin
2024-04-04 15:28:14,797 [DEBUG] PIL.Image: Importing MspImagePlugin
2024-04-04 15:28:14,801 [DEBUG] PIL.Image: Importing PalmImagePlugin
2024-04-04 15:28:14,806 [DEBUG] PIL.Image: Importing PcdImagePlugin
2024-04-04 15:28:14,809 [DEBUG] PIL.Image: Importing PcxImagePlugin
2024-04-04 15:28:14,809 [DEBUG] PIL.Image: Importing PdfImagePlugin
2024-04-04 15:28:14,862 [DEBUG] PIL.Image: Importing PixarImagePlugin
2024-04-04 15:28:14,888 [DEBUG] PIL.Image: Importing PngImagePlugin
2024-04-04 15:28:14,888 [DEBUG] PIL.Image: Importing PpmImagePlugin
2024-04-04 15:28:14,889 [DEBUG] PIL.Image: Importing PsdImagePlugin
2024-04-04 15:28:14,894 [DEBUG] PIL.Image: Importing QoiImagePlugin
2024-04-04 15:28:14,906 [DEBUG] PIL.Image: Importing SgiImagePlugin
2024-04-04 15:28:14,925 [DEBUG] PIL.Image: Importing SpiderImagePlugin
2024-04-04 15:28:14,957 [DEBUG] PIL.Image: Importing SunImagePlugin
2024-04-04 15:28:14,970 [DEBUG] PIL.Image: Importing TgaImagePlugin
2024-04-04 15:28:14,984 [DEBUG] PIL.Image: Importing TiffImagePlugin
2024-04-04 15:28:14,984 [DEBUG] PIL.Image: Importing WebPImagePlugin
2024-04-04 15:28:15,002 [DEBUG] PIL.Image: Importing WmfImagePlugin
2024-04-04 15:28:15,005 [DEBUG] PIL.Image: Importing XbmImagePlugin
2024-04-04 15:28:15,016 [DEBUG] PIL.Image: Importing XpmImagePlugin
2024-04-04 15:28:15,021 [DEBUG] PIL.Image: Importing XVThumbImagePlugin
